<?xml version="1.0" encoding="UTF-8"?>
<testsuite xmlns:xsi="http://www.w3.org/2001/XMLSchema-instance" xsi:noNamespaceSchemaLocation="https://maven.apache.org/surefire/maven-surefire-plugin/xsd/surefire-test-report-3.0.xsd" version="3.0" name="com.charlen.coffe.OrderTest" time="0.105" tests="4" errors="0" skipped="0" failures="0">
  <properties>
[...]
</properties>
  <testcase name="testBeverageWithExtras" classname="com.charlen.coffe.OrderTest" time="0.046"/>
  <testcase name="testFifthBeverageFree" classname="com.charlen.coffe.OrderTest" time="0.001"/>
  <testcase name="testBeverageAndSnack" classname="com.charlen.coffe.OrderTest" time="0.003"/>
  <testcase name="testSingleBeverage" classname="com.charlen.coffe.OrderTest" time="0.001"/>
</testsuite>